<?xml version="1.0" encoding="UTF-8"?>
<testsuite name="com.rok.project.web.dto.HelloResponseDtoTest" tests="1" skipped="0" failures="0" errors="0" timestamp="2021-01-17T12:21:41" hostname="DESKTOP-3LM6VA1" time="0.005">
  <properties/>
  <testcase name="롬북_기능_테스트" classname="com.rok.project.web.dto.HelloResponseDtoTest" time="0.005"/>
  <system-out><![CDATA[]]></system-out>
  <system-err><![CDATA[]]></system-err>
</testsuite>
