<?xml version="1.0" encoding="UTF-8"?>
<testsuite name="com.rok.project.web.HelloControllerTest" tests="2" skipped="0" failures="0" errors="0" timestamp="2021-01-17T12:21:33" hostname="DESKTOP-3LM6VA1" time="0.531">
  <properties/>
  <testcase name="hello가_리턴된다" classname="com.rok.project.web.HelloControllerTest" time="0.419"/>
  <testcase name="helloDto가_리턴된다" classname="com.rok.project.web.HelloControllerTest" time="0.111"/>
  <system-out><![CDATA[21:21:29.268 [Test worker] DEBUG org.springframework.test.context.junit4.SpringJUnit4ClassRunner - SpringJUnit4ClassRunner constructor called with [class com.rok.project.web.HelloControllerTest]
21:21:29.277 [Test worker] DEBUG org.springframework.test.context.BootstrapUtils - Instantiating CacheAwareContextLoaderDelegate from class [org.springframework.test.context.cache.DefaultCacheAwareContextLoaderDelegate]
21:21:29.287 [Test worker] DEBUG org.springframework.test.context.BootstrapUtils - Instantiating BootstrapContext using constructor [public org.springframework.test.context.support.DefaultBootstrapContext(java.lang.Class,org.springframework.test.context.CacheAwareContextLoaderDelegate)]
21:21:29.310 [Test worker] DEBUG org.springframework.test.context.BootstrapUtils - Instantiating TestContextBootstrapper for test class [com.rok.project.web.HelloControllerTest] from class [org.springframework.boot.test.autoconfigure.web.servlet.WebMvcTestContextBootstrapper]
21:21:29.332 [Test worker] INFO org.springframework.boot.test.autoconfigure.web.servlet.WebMvcTestContextBootstrapper - Neither @ContextConfiguration nor @ContextHierarchy found for test class [com.rok.project.web.HelloControllerTest], using SpringBootContextLoader
21:21:29.337 [Test worker] DEBUG org.springframework.test.context.support.AbstractContextLoader - Did not detect default resource location for test class [com.rok.project.web.HelloControllerTest]: class path resource [com/rok/project/web/HelloControllerTest-context.xml] does not exist
21:21:29.338 [Test worker] DEBUG org.springframework.test.context.support.AbstractContextLoader - Did not detect default resource location for test class [com.rok.project.web.HelloControllerTest]: class path resource [com/rok/project/web/HelloControllerTestContext.groovy] does not exist
21:21:29.338 [Test worker] INFO org.springframework.test.context.support.AbstractContextLoader - Could not detect default resource locations for test class [com.rok.project.web.HelloControllerTest]: no resource found for suffixes {-context.xml, Context.groovy}.
21:21:29.339 [Test worker] INFO org.springframework.test.context.support.AnnotationConfigContextLoaderUtils - Could not detect default configuration classes for test class [com.rok.project.web.HelloControllerTest]: HelloControllerTest does not declare any static, non-private, non-final, nested classes annotated with @Configuration.
21:21:29.437 [Test worker] DEBUG org.springframework.test.context.support.ActiveProfilesUtils - Could not find an 'annotation declaring class' for annotation type [org.springframework.test.context.ActiveProfiles] and class [com.rok.project.web.HelloControllerTest]
21:21:29.555 [Test worker] DEBUG org.springframework.context.annotation.ClassPathScanningCandidateComponentProvider - Identified candidate component class: file [C:\Users\gksck\Desktop\git\WEB\Back-end\Spring\build\classes\java\main\com\rok\project\Application.class]
21:21:29.557 [Test worker] INFO org.springframework.boot.test.context.SpringBootTestContextBootstrapper - Found @SpringBootConfiguration com.rok.project.Application for test class com.rok.project.web.HelloControllerTest
21:21:29.560 [Test worker] DEBUG org.springframework.boot.test.autoconfigure.web.servlet.WebMvcTestContextBootstrapper - @TestExecutionListeners is not present for class [com.rok.project.web.HelloControllerTest]: using defaults.
21:21:29.561 [Test worker] INFO org.springframework.boot.test.autoconfigure.web.servlet.WebMvcTestContextBootstrapper - Loaded default TestExecutionListener class names from location [META-INF/spring.factories]: [org.springframework.security.test.context.support.WithSecurityContextTestExecutionListener, org.springframework.security.test.context.support.ReactorContextTestExecutionListener, org.springframework.boot.test.autoconfigure.restdocs.RestDocsTestExecutionListener, org.springframework.boot.test.autoconfigure.web.client.MockRestServiceServerResetTestExecutionListener, org.springframework.boot.test.autoconfigure.web.servlet.MockMvcPrintOnlyOnFailureTestExecutionListener, org.springframework.boot.test.autoconfigure.web.servlet.WebDriverTestExecutionListener, org.springframework.boot.test.mock.mockito.MockitoTestExecutionListener, org.springframework.boot.test.mock.mockito.ResetMocksTestExecutionListener, org.springframework.test.context.web.ServletTestExecutionListener, org.springframework.test.context.support.DirtiesContextBeforeModesTestExecutionListener, org.springframework.test.context.support.DependencyInjectionTestExecutionListener, org.springframework.test.context.support.DirtiesContextTestExecutionListener, org.springframework.test.context.transaction.TransactionalTestExecutionListener, org.springframework.test.context.jdbc.SqlScriptsTestExecutionListener]
21:21:29.598 [Test worker] INFO org.springframework.boot.test.autoconfigure.web.servlet.WebMvcTestContextBootstrapper - Using TestExecutionListeners: [org.springframework.test.context.web.ServletTestExecutionListener@355e6b8a, org.springframework.test.context.support.DirtiesContextBeforeModesTestExecutionListener@15679b67, org.springframework.boot.test.mock.mockito.MockitoTestExecutionListener@1d6edabc, org.springframework.boot.test.autoconfigure.SpringBootDependencyInjectionTestExecutionListener@7b639157, org.springframework.test.context.support.DirtiesContextTestExecutionListener@3da7b78a, org.springframework.test.context.transaction.TransactionalTestExecutionListener@1432affa, org.springframework.test.context.jdbc.SqlScriptsTestExecutionListener@7fe22cfa, org.springframework.security.test.context.support.WithSecurityContextTestExecutionListener@18ece378, org.springframework.security.test.context.support.ReactorContextTestExecutionListener@18f70c08, org.springframework.boot.test.autoconfigure.restdocs.RestDocsTestExecutionListener@193b2d93, org.springframework.boot.test.autoconfigure.web.client.MockRestServiceServerResetTestExecutionListener@77d057b2, org.springframework.boot.test.autoconfigure.web.servlet.MockMvcPrintOnlyOnFailureTestExecutionListener@8d88d13, org.springframework.boot.test.autoconfigure.web.servlet.WebDriverTestExecutionListener@286f474c, org.springframework.boot.test.mock.mockito.ResetMocksTestExecutionListener@68f8b067]
21:21:29.602 [Test worker] DEBUG org.springframework.test.annotation.ProfileValueUtils - Retrieved @ProfileValueSourceConfiguration [null] for test class [com.rok.project.web.HelloControllerTest]
21:21:29.603 [Test worker] DEBUG org.springframework.test.annotation.ProfileValueUtils - Retrieved ProfileValueSource type [class org.springframework.test.annotation.SystemProfileValueSource] for class [com.rok.project.web.HelloControllerTest]
21:21:29.604 [Test worker] DEBUG org.springframework.test.annotation.ProfileValueUtils - Retrieved @ProfileValueSourceConfiguration [null] for test class [com.rok.project.web.HelloControllerTest]
21:21:29.604 [Test worker] DEBUG org.springframework.test.annotation.ProfileValueUtils - Retrieved ProfileValueSource type [class org.springframework.test.annotation.SystemProfileValueSource] for class [com.rok.project.web.HelloControllerTest]
21:21:29.613 [Test worker] DEBUG org.springframework.test.context.support.AbstractDirtiesContextTestExecutionListener - Before test class: context [DefaultTestContext@2402fa3e testClass = HelloControllerTest, testInstance = [null], testMethod = [null], testException = [null], mergedContextConfiguration = [WebMergedContextConfiguration@24182805 testClass = HelloControllerTest, locations = '{}', classes = '{class com.rok.project.Application}', contextInitializerClasses = '[]', activeProfiles = '{}', propertySourceLocations = '{}', propertySourceProperties = '{org.springframework.boot.test.autoconfigure.web.servlet.WebMvcTestContextBootstrapper=true}', contextCustomizers = set[org.springframework.boot.test.autoconfigure.OverrideAutoConfigurationContextCustomizerFactory$DisableAutoConfigurationContextCustomizer@1fae90ac, org.springframework.boot.test.autoconfigure.filter.TypeExcludeFiltersContextCustomizer@8aa7827b, org.springframework.boot.test.autoconfigure.properties.PropertyMappingContextCustomizer@a252f671, org.springframework.boot.test.autoconfigure.web.servlet.WebDriverContextCustomizerFactory$Customizer@3753ae39, [ImportsContextCustomizer@63aa34ae key = [org.springframework.boot.autoconfigure.cache.CacheAutoConfiguration, org.springframework.boot.autoconfigure.context.MessageSourceAutoConfiguration, org.springframework.boot.autoconfigure.data.web.SpringDataWebAutoConfiguration, org.springframework.boot.autoconfigure.freemarker.FreeMarkerAutoConfiguration, org.springframework.boot.autoconfigure.groovy.template.GroovyTemplateAutoConfiguration, org.springframework.boot.autoconfigure.gson.GsonAutoConfiguration, org.springframework.boot.autoconfigure.hateoas.HypermediaAutoConfiguration, org.springframework.boot.autoconfigure.http.HttpMessageConvertersAutoConfiguration, org.springframework.boot.autoconfigure.jackson.JacksonAutoConfiguration, org.springframework.boot.autoconfigure.jsonb.JsonbAutoConfiguration, org.springframework.boot.autoconfigure.mustache.MustacheAutoConfiguration, org.springframework.boot.autoconfigure.task.TaskExecutionAutoConfiguration, org.springframework.boot.autoconfigure.thymeleaf.ThymeleafAutoConfiguration, org.springframework.boot.autoconfigure.validation.ValidationAutoConfiguration, org.springframework.boot.autoconfigure.web.servlet.error.ErrorMvcAutoConfiguration, org.springframework.boot.autoconfigure.web.servlet.WebMvcAutoConfiguration, org.springframework.boot.test.autoconfigure.web.servlet.MockMvcAutoConfiguration, org.springframework.boot.test.autoconfigure.web.servlet.MockMvcSecurityAutoConfiguration, org.springframework.boot.test.autoconfigure.web.servlet.MockMvcWebClientAutoConfiguration, org.springframework.boot.test.autoconfigure.web.servlet.MockMvcWebDriverAutoConfiguration]], org.springframework.boot.test.context.filter.ExcludeFilterContextCustomizer@644bed4b, org.springframework.boot.test.json.DuplicateJsonObjectContextCustomizerFactory$DuplicateJsonObjectContextCustomizer@445b705d, org.springframework.boot.test.mock.mockito.MockitoContextCustomizer@0], resourceBasePath = 'src/main/webapp', contextLoader = 'org.springframework.boot.test.context.SpringBootContextLoader', parent = [null]], attributes = map[[empty]]], class annotated with @DirtiesContext [false] with mode [null].
21:21:29.615 [Test worker] DEBUG org.springframework.test.annotation.ProfileValueUtils - Retrieved @ProfileValueSourceConfiguration [null] for test class [com.rok.project.web.HelloControllerTest]
21:21:29.615 [Test worker] DEBUG org.springframework.test.annotation.ProfileValueUtils - Retrieved ProfileValueSource type [class org.springframework.test.annotation.SystemProfileValueSource] for class [com.rok.project.web.HelloControllerTest]
21:21:29.621 [Test worker] DEBUG org.springframework.test.context.support.DependencyInjectionTestExecutionListener - Performing dependency injection for test context [[DefaultTestContext@2402fa3e testClass = HelloControllerTest, testInstance = com.rok.project.web.HelloControllerTest@48ab6125, testMethod = [null], testException = [null], mergedContextConfiguration = [WebMergedContextConfiguration@24182805 testClass = HelloControllerTest, locations = '{}', classes = '{class com.rok.project.Application}', contextInitializerClasses = '[]', activeProfiles = '{}', propertySourceLocations = '{}', propertySourceProperties = '{org.springframework.boot.test.autoconfigure.web.servlet.WebMvcTestContextBootstrapper=true}', contextCustomizers = set[org.springframework.boot.test.autoconfigure.OverrideAutoConfigurationContextCustomizerFactory$DisableAutoConfigurationContextCustomizer@1fae90ac, org.springframework.boot.test.autoconfigure.filter.TypeExcludeFiltersContextCustomizer@8aa7827b, org.springframework.boot.test.autoconfigure.properties.PropertyMappingContextCustomizer@a252f671, org.springframework.boot.test.autoconfigure.web.servlet.WebDriverContextCustomizerFactory$Customizer@3753ae39, [ImportsContextCustomizer@63aa34ae key = [org.springframework.boot.autoconfigure.cache.CacheAutoConfiguration, org.springframework.boot.autoconfigure.context.MessageSourceAutoConfiguration, org.springframework.boot.autoconfigure.data.web.SpringDataWebAutoConfiguration, org.springframework.boot.autoconfigure.freemarker.FreeMarkerAutoConfiguration, org.springframework.boot.autoconfigure.groovy.template.GroovyTemplateAutoConfiguration, org.springframework.boot.autoconfigure.gson.GsonAutoConfiguration, org.springframework.boot.autoconfigure.hateoas.HypermediaAutoConfiguration, org.springframework.boot.autoconfigure.http.HttpMessageConvertersAutoConfiguration, org.springframework.boot.autoconfigure.jackson.JacksonAutoConfiguration, org.springframework.boot.autoconfigure.jsonb.JsonbAutoConfiguration, org.springframework.boot.autoconfigure.mustache.MustacheAutoConfiguration, org.springframework.boot.autoconfigure.task.TaskExecutionAutoConfiguration, org.springframework.boot.autoconfigure.thymeleaf.ThymeleafAutoConfiguration, org.springframework.boot.autoconfigure.validation.ValidationAutoConfiguration, org.springframework.boot.autoconfigure.web.servlet.error.ErrorMvcAutoConfiguration, org.springframework.boot.autoconfigure.web.servlet.WebMvcAutoConfiguration, org.springframework.boot.test.autoconfigure.web.servlet.MockMvcAutoConfiguration, org.springframework.boot.test.autoconfigure.web.servlet.MockMvcSecurityAutoConfiguration, org.springframework.boot.test.autoconfigure.web.servlet.MockMvcWebClientAutoConfiguration, org.springframework.boot.test.autoconfigure.web.servlet.MockMvcWebDriverAutoConfiguration]], org.springframework.boot.test.context.filter.ExcludeFilterContextCustomizer@644bed4b, org.springframework.boot.test.json.DuplicateJsonObjectContextCustomizerFactory$DuplicateJsonObjectContextCustomizer@445b705d, org.springframework.boot.test.mock.mockito.MockitoContextCustomizer@0], resourceBasePath = 'src/main/webapp', contextLoader = 'org.springframework.boot.test.context.SpringBootContextLoader', parent = [null]], attributes = map[[empty]]]].
21:21:29.789 [Test worker] DEBUG org.springframework.test.context.support.TestPropertySourceUtils - Adding inlined properties to environment: {spring.jmx.enabled=false, org.springframework.boot.test.autoconfigure.web.servlet.WebMvcTestContextBootstrapper=true, server.port=-1}

  .   ____          _            __ _ _
 /\\ / ___'_ __ _ _(_)_ __  __ _ \ \ \ \
( ( )\___ | '_ | '_| | '_ \/ _` | \ \ \ \
 \\/  ___)| |_)| | | | | || (_| |  ) ) ) )
  '  |____| .__|_| |_|_| |_\__, | / / / /
 =========|_|==============|___/=/_/_/_/
 :: Spring Boot ::        (v2.1.7.RELEASE)

2021-01-17 21:21:30.132  INFO 20196 --- [    Test worker] com.rok.project.web.HelloControllerTest  : Starting HelloControllerTest on DESKTOP-3LM6VA1 with PID 20196 (started by gksck in C:\Users\gksck\Desktop\git\WEB\Back-end\Spring)
2021-01-17 21:21:30.135  INFO 20196 --- [    Test worker] com.rok.project.web.HelloControllerTest  : No active profile set, falling back to default profiles: default
2021-01-17 21:21:31.969  INFO 20196 --- [    Test worker] o.s.s.concurrent.ThreadPoolTaskExecutor  : Initializing ExecutorService 'applicationTaskExecutor'
2021-01-17 21:21:32.087  INFO 20196 --- [    Test worker] o.s.b.a.w.s.WelcomePageHandlerMapping    : Adding welcome page template: index
2021-01-17 21:21:32.570  INFO 20196 --- [    Test worker] .s.s.UserDetailsServiceAutoConfiguration : 

Using generated security password: 67a16c3a-5d81-49f5-bdfe-cad72106ff29

2021-01-17 21:21:32.930  INFO 20196 --- [    Test worker] o.s.s.web.DefaultSecurityFilterChain     : Creating filter chain: any request, [org.springframework.security.web.context.request.async.WebAsyncManagerIntegrationFilter@1a493fce, org.springframework.security.web.context.SecurityContextPersistenceFilter@631e20a1, org.springframework.security.web.header.HeaderWriterFilter@28377721, org.springframework.security.web.csrf.CsrfFilter@1c5358a9, org.springframework.security.web.authentication.logout.LogoutFilter@6b4d47e5, org.springframework.security.web.authentication.UsernamePasswordAuthenticationFilter@61203b0e, org.springframework.security.web.authentication.ui.DefaultLoginPageGeneratingFilter@5db56126, org.springframework.security.web.authentication.ui.DefaultLogoutPageGeneratingFilter@7f4cf853, org.springframework.security.web.authentication.www.BasicAuthenticationFilter@3ab5cca7, org.springframework.security.web.savedrequest.RequestCacheAwareFilter@5cdaa6e0, org.springframework.security.web.servletapi.SecurityContextHolderAwareRequestFilter@68fef898, org.springframework.security.web.authentication.AnonymousAuthenticationFilter@5c438d60, org.springframework.security.web.session.SessionManagementFilter@56c64ff8, org.springframework.security.web.access.ExceptionTranslationFilter@4333a2b4, org.springframework.security.web.access.intercept.FilterSecurityInterceptor@512726b9]
2021-01-17 21:21:32.992  INFO 20196 --- [    Test worker] o.s.b.t.m.w.SpringBootMockServletContext : Initializing Spring TestDispatcherServlet ''
2021-01-17 21:21:32.992  INFO 20196 --- [    Test worker] o.s.t.web.servlet.TestDispatcherServlet  : Initializing Servlet ''
2021-01-17 21:21:33.015  INFO 20196 --- [    Test worker] o.s.t.web.servlet.TestDispatcherServlet  : Completed initialization in 23 ms
2021-01-17 21:21:33.081  INFO 20196 --- [    Test worker] com.rok.project.web.HelloControllerTest  : Started HelloControllerTest in 3.281 seconds (JVM running for 5.873)
]]></system-out>
  <system-err><![CDATA[]]></system-err>
</testsuite>
